<?xml version="1.0" encoding="UTF-8"?>
<!-- Generated by org.testng.reporters.JUnitXMLReporter -->
<testsuite ignored="0" hostname="BHUVI" failures="0" tests="5" name="Test" time="0.056" errors="0" timestamp="06 Mar 2024 10:04:23 GMT">
  <testcase classname="testngframework.ParallelExecutionMethod" name="tc02" time="0.011"/>
  <testcase classname="testngframework.ParallelExecutionMethod" name="tc01" time="0.006"/>
  <testcase classname="testngframework.ParallelExecutionMethod" name="tc05" time="0.001"/>
  <testcase classname="testngframework.ParallelExecutionMethod" name="tc04" time="0.005"/>
  <testcase classname="testngframework.ParallelExecutionMethod" name="tc03" time="0.011"/>
</testsuite> <!-- Test -->
